<?xml version="1.0" encoding="UTF-8"?>
<!-- Generated by org.testng.reporters.JUnitReportReporter -->
<testsuite hostname="Kunals-MacBook-Pro.local" failures="0" tests="3" name="extentReport.ExtentReport" time="0.017" errors="0" timestamp="11 Jun 2019 17:44:07 GMT" skipped="1">
  <testcase classname="extentReport.ExtentReport" name="test1" time="0.007"/>
  <testcase classname="extentReport.ExtentReport" name="test2" time="0.010"/>
  <testcase classname="extentReport.ExtentReport" name="test3">
    <skipped/>
  </testcase> <!-- test3 -->
</testsuite> <!-- extentReport.ExtentReport -->
