<?xml version="1.0" encoding="UTF-8"?>
<!-- Generated by org.testng.reporters.JUnitReportReporter -->
<testsuite hostname="Kunals-MacBook-Pro.local" failures="0" tests="2" name="extentReport.ExtentReport" time="0.016" errors="0" timestamp="10 Jun 2019 21:43:59 GMT" skipped="0">
  <testcase classname="extentReport.ExtentReport" name="test2" time="0.004"/>
  <testcase classname="extentReport.ExtentReport" name="test1" time="0.012"/>
</testsuite> <!-- extentReport.ExtentReport -->
