<?xml version="1.0" encoding="UTF-8"?>
<!-- Generated by org.testng.reporters.JUnitReportReporter -->
<testsuite hostname="Kunals-MacBook-Pro.local" failures="0" tests="2" name="practicemaven.TestNGPractice.PracticeTestNG" time="0.055" errors="0" timestamp="07 Jun 2019 21:22:41 GMT" skipped="0">
  <testcase classname="practicemaven.TestNGPractice.PracticeTestNG" name="testMehtod1" time="0.053"/>
  <testcase classname="practicemaven.TestNGPractice.PracticeTestNG" name="testMethod2" time="0.002"/>
</testsuite> <!-- practicemaven.TestNGPractice.PracticeTestNG -->
